<?xml version="1.0" encoding="UTF-8"?>
<testsuite xmlns:xsi="http://www.w3.org/2001/XMLSchema-instance" xsi:noNamespaceSchemaLocation="https://maven.apache.org/surefire/maven-surefire-plugin/xsd/surefire-test-report-3.0.xsd" version="3.0" name="frontend.TestHomePage" time="0.415" tests="1" errors="1" skipped="0" failures="0">
  <properties>
    <property name="java.specification.version" value="17"/>
    <property name="sun.cpu.isalist" value="amd64"/>
    <property name="sun.jnu.encoding" value="Cp1252"/>
    <property name="java.class.path" value="C:\Users\Rafael Guibson\Documents\Projeto Atualiza\ProjetoUnikaSistemas\Frontend-wicket\target\test-classes;C:\Users\Rafael Guibson\Documents\Projeto Atualiza\ProjetoUnikaSistemas\Frontend-wicket\target\classes;C:\Users\Rafael Guibson\.m2\repository\org\apache\wicket\wicket-core\9.16.0\wicket-core-9.16.0.jar;C:\Users\Rafael Guibson\.m2\repository\com\github\openjson\openjson\1.0.13\openjson-1.0.13.jar;C:\Users\Rafael Guibson\.m2\repository\org\apache\wicket\wicket-request\9.16.0\wicket-request-9.16.0.jar;C:\Users\Rafael Guibson\.m2\repository\org\apache\wicket\wicket-util\9.16.0\wicket-util-9.16.0.jar;C:\Users\Rafael Guibson\.m2\repository\commons-fileupload\commons-fileupload\1.5\commons-fileupload-1.5.jar;C:\Users\Rafael Guibson\.m2\repository\commons-io\commons-io\2.15.0\commons-io-2.15.0.jar;C:\Users\Rafael Guibson\.m2\repository\org\apache\commons\commons-collections4\4.4\commons-collections4-4.4.jar;C:\Users\Rafael Guibson\.m2\repository\org\danekja\jdk-serializable-functional\1.9.0\jdk-serializable-functional-1.9.0.jar;C:\Users\Rafael Guibson\.m2\repository\org\slf4j\slf4j-api\2.0.9\slf4j-api-2.0.9.jar;C:\Users\Rafael Guibson\.m2\repository\org\apache\wicket\wicket-native-websocket-javax\9.16.0\wicket-native-websocket-javax-9.16.0.jar;C:\Users\Rafael Guibson\.m2\repository\org\apache\wicket\wicket-native-websocket-core\9.16.0\wicket-native-websocket-core-9.16.0.jar;C:\Users\Rafael Guibson\.m2\repository\org\slf4j\slf4j-simple\2.0.9\slf4j-simple-2.0.9.jar;C:\Users\Rafael Guibson\.m2\repository\org\junit\jupiter\junit-jupiter-engine\5.10.1\junit-jupiter-engine-5.10.1.jar;C:\Users\Rafael Guibson\.m2\repository\org\junit\platform\junit-platform-engine\1.10.1\junit-platform-engine-1.10.1.jar;C:\Users\Rafael Guibson\.m2\repository\org\opentest4j\opentest4j\1.3.0\opentest4j-1.3.0.jar;C:\Users\Rafael Guibson\.m2\repository\org\junit\platform\junit-platform-commons\1.10.1\junit-platform-commons-1.10.1.jar;C:\Users\Rafael Guibson\.m2\repository\org\junit\jupiter\junit-jupiter-api\5.10.1\junit-jupiter-api-5.10.1.jar;C:\Users\Rafael Guibson\.m2\repository\org\apiguardian\apiguardian-api\1.1.2\apiguardian-api-1.1.2.jar;C:\Users\Rafael Guibson\.m2\repository\org\eclipse\jetty\jetty-server\9.4.53.v20231009\jetty-server-9.4.53.v20231009.jar;C:\Users\Rafael Guibson\.m2\repository\javax\servlet\javax.servlet-api\3.1.0\javax.servlet-api-3.1.0.jar;C:\Users\Rafael Guibson\.m2\repository\org\eclipse\jetty\jetty-http\9.4.53.v20231009\jetty-http-9.4.53.v20231009.jar;C:\Users\Rafael Guibson\.m2\repository\org\eclipse\jetty\jetty-io\9.4.53.v20231009\jetty-io-9.4.53.v20231009.jar;C:\Users\Rafael Guibson\.m2\repository\org\eclipse\jetty\jetty-webapp\9.4.53.v20231009\jetty-webapp-9.4.53.v20231009.jar;C:\Users\Rafael Guibson\.m2\repository\org\eclipse\jetty\jetty-xml\9.4.53.v20231009\jetty-xml-9.4.53.v20231009.jar;C:\Users\Rafael Guibson\.m2\repository\org\eclipse\jetty\jetty-servlet\9.4.53.v20231009\jetty-servlet-9.4.53.v20231009.jar;C:\Users\Rafael Guibson\.m2\repository\org\eclipse\jetty\jetty-security\9.4.53.v20231009\jetty-security-9.4.53.v20231009.jar;C:\Users\Rafael Guibson\.m2\repository\org\eclipse\jetty\jetty-util-ajax\9.4.53.v20231009\jetty-util-ajax-9.4.53.v20231009.jar;C:\Users\Rafael Guibson\.m2\repository\org\eclipse\jetty\jetty-jmx\9.4.53.v20231009\jetty-jmx-9.4.53.v20231009.jar;C:\Users\Rafael Guibson\.m2\repository\org\eclipse\jetty\jetty-util\9.4.53.v20231009\jetty-util-9.4.53.v20231009.jar;C:\Users\Rafael Guibson\.m2\repository\org\eclipse\jetty\websocket\javax-websocket-server-impl\9.4.53.v20231009\javax-websocket-server-impl-9.4.53.v20231009.jar;C:\Users\Rafael Guibson\.m2\repository\org\eclipse\jetty\jetty-annotations\9.4.53.v20231009\jetty-annotations-9.4.53.v20231009.jar;C:\Users\Rafael Guibson\.m2\repository\org\eclipse\jetty\jetty-plus\9.4.53.v20231009\jetty-plus-9.4.53.v20231009.jar;C:\Users\Rafael Guibson\.m2\repository\org\eclipse\jetty\jetty-jndi\9.4.53.v20231009\jetty-jndi-9.4.53.v20231009.jar;C:\Users\Rafael Guibson\.m2\repository\javax\annotation\javax.annotation-api\1.3.2\javax.annotation-api-1.3.2.jar;C:\Users\Rafael Guibson\.m2\repository\org\ow2\asm\asm\9.6\asm-9.6.jar;C:\Users\Rafael Guibson\.m2\repository\org\ow2\asm\asm-commons\9.6\asm-commons-9.6.jar;C:\Users\Rafael Guibson\.m2\repository\org\ow2\asm\asm-tree\9.6\asm-tree-9.6.jar;C:\Users\Rafael Guibson\.m2\repository\org\eclipse\jetty\websocket\javax-websocket-client-impl\9.4.53.v20231009\javax-websocket-client-impl-9.4.53.v20231009.jar;C:\Users\Rafael Guibson\.m2\repository\org\eclipse\jetty\websocket\websocket-client\9.4.53.v20231009\websocket-client-9.4.53.v20231009.jar;C:\Users\Rafael Guibson\.m2\repository\org\eclipse\jetty\jetty-client\9.4.53.v20231009\jetty-client-9.4.53.v20231009.jar;C:\Users\Rafael Guibson\.m2\repository\javax\websocket\javax.websocket-client-api\1.0\javax.websocket-client-api-1.0.jar;C:\Users\Rafael Guibson\.m2\repository\org\eclipse\jetty\websocket\websocket-server\9.4.53.v20231009\websocket-server-9.4.53.v20231009.jar;C:\Users\Rafael Guibson\.m2\repository\org\eclipse\jetty\websocket\websocket-common\9.4.53.v20231009\websocket-common-9.4.53.v20231009.jar;C:\Users\Rafael Guibson\.m2\repository\org\eclipse\jetty\websocket\websocket-api\9.4.53.v20231009\websocket-api-9.4.53.v20231009.jar;C:\Users\Rafael Guibson\.m2\repository\org\eclipse\jetty\websocket\websocket-servlet\9.4.53.v20231009\websocket-servlet-9.4.53.v20231009.jar;C:\Users\Rafael Guibson\.m2\repository\javax\websocket\javax.websocket-api\1.0\javax.websocket-api-1.0.jar;C:\Users\Rafael Guibson\.m2\repository\org\projectlombok\lombok\1.18.30\lombok-1.18.30.jar;C:\Users\Rafael Guibson\.m2\repository\org\apache\httpcomponents\httpclient\4.3.4\httpclient-4.3.4.jar;C:\Users\Rafael Guibson\.m2\repository\org\apache\httpcomponents\httpcore\4.3.2\httpcore-4.3.2.jar;C:\Users\Rafael Guibson\.m2\repository\commons-logging\commons-logging\1.1.3\commons-logging-1.1.3.jar;C:\Users\Rafael Guibson\.m2\repository\commons-codec\commons-codec\1.6\commons-codec-1.6.jar;C:\Users\Rafael Guibson\.m2\repository\org\apache\flink\flink-s3-fs-hadoop\1.10-SNAPSHOT\flink-s3-fs-hadoop-1.10-SNAPSHOT.jar;C:\Users\Rafael Guibson\.m2\repository\org\apache\flink\force-shading\1.10-SNAPSHOT\force-shading-1.10-SNAPSHOT.jar;C:\Users\Rafael Guibson\.m2\repository\com\fasterxml\jackson\core\jackson-databind\2.13.0\jackson-databind-2.13.0.jar;C:\Users\Rafael Guibson\.m2\repository\com\fasterxml\jackson\core\jackson-annotations\2.13.0\jackson-annotations-2.13.0.jar;C:\Users\Rafael Guibson\.m2\repository\com\fasterxml\jackson\core\jackson-core\2.13.0\jackson-core-2.13.0.jar;C:\Users\Rafael Guibson\.m2\repository\com\google\code\gson\gson\2.10.1\gson-2.10.1.jar;C:\Users\Rafael Guibson\.m2\repository\jakarta\xml\bind\jakarta.xml.bind-api\4.0.1\jakarta.xml.bind-api-4.0.1.jar;C:\Users\Rafael Guibson\.m2\repository\jakarta\activation\jakarta.activation-api\2.1.2\jakarta.activation-api-2.1.2.jar;C:\Users\Rafael Guibson\.m2\repository\org\apache\flink\flink-azure-fs-hadoop\1.9-SNAPSHOT\flink-azure-fs-hadoop-1.9-SNAPSHOT.jar;C:\Users\Rafael Guibson\.m2\repository\org\apache\flink\flink-connector-elasticsearch5_2.11\1.10-SNAPSHOT\flink-connector-elasticsearch5_2.11-1.10-SNAPSHOT.jar;C:\Users\Rafael Guibson\.m2\repository\org\apache\wicket\wicket-extensions\9.16.0\wicket-extensions-9.16.0.jar;C:\Users\Rafael Guibson\.m2\repository\org\webjars\bower\jquery\3.7.1\jquery-3.7.1.jar;C:\Users\Rafael Guibson\.m2\repository\org\webjars\bower\jquery-mask-plugin\1.14.16\jquery-mask-plugin-1.14.16.jar;"/>
    <property name="java.vm.vendor" value="Oracle Corporation"/>
    <property name="sun.arch.data.model" value="64"/>
    <property name="user.variant" value=""/>
    <property name="java.vendor.url" value="https://java.oracle.com/"/>
    <property name="user.timezone" value="America/Sao_Paulo"/>
    <property name="os.name" value="Windows 10"/>
    <property name="java.vm.specification.version" value="17"/>
    <property name="sun.java.launcher" value="SUN_STANDARD"/>
    <property name="user.country" value="BR"/>
    <property name="sun.boot.library.path" value="C:\Program Files\Java\jdk-17\bin"/>
    <property name="sun.java.command" value="C:\Users\Rafael Guibson\AppData\Local\Temp\surefire8792906976167164148\surefirebooter-20240103093509010_3.jar C:\Users\Rafael Guibson\AppData\Local\Temp\surefire8792906976167164148 2024-01-03T09-35-08_862-jvmRun1 surefire-20240103093509010_1tmp surefire_0-20240103093509010_2tmp"/>
    <property name="jdk.debug" value="release"/>
    <property name="surefire.test.class.path" value="C:\Users\Rafael Guibson\Documents\Projeto Atualiza\ProjetoUnikaSistemas\Frontend-wicket\target\test-classes;C:\Users\Rafael Guibson\Documents\Projeto Atualiza\ProjetoUnikaSistemas\Frontend-wicket\target\classes;C:\Users\Rafael Guibson\.m2\repository\org\apache\wicket\wicket-core\9.16.0\wicket-core-9.16.0.jar;C:\Users\Rafael Guibson\.m2\repository\com\github\openjson\openjson\1.0.13\openjson-1.0.13.jar;C:\Users\Rafael Guibson\.m2\repository\org\apache\wicket\wicket-request\9.16.0\wicket-request-9.16.0.jar;C:\Users\Rafael Guibson\.m2\repository\org\apache\wicket\wicket-util\9.16.0\wicket-util-9.16.0.jar;C:\Users\Rafael Guibson\.m2\repository\commons-fileupload\commons-fileupload\1.5\commons-fileupload-1.5.jar;C:\Users\Rafael Guibson\.m2\repository\commons-io\commons-io\2.15.0\commons-io-2.15.0.jar;C:\Users\Rafael Guibson\.m2\repository\org\apache\commons\commons-collections4\4.4\commons-collections4-4.4.jar;C:\Users\Rafael Guibson\.m2\repository\org\danekja\jdk-serializable-functional\1.9.0\jdk-serializable-functional-1.9.0.jar;C:\Users\Rafael Guibson\.m2\repository\org\slf4j\slf4j-api\2.0.9\slf4j-api-2.0.9.jar;C:\Users\Rafael Guibson\.m2\repository\org\apache\wicket\wicket-native-websocket-javax\9.16.0\wicket-native-websocket-javax-9.16.0.jar;C:\Users\Rafael Guibson\.m2\repository\org\apache\wicket\wicket-native-websocket-core\9.16.0\wicket-native-websocket-core-9.16.0.jar;C:\Users\Rafael Guibson\.m2\repository\org\slf4j\slf4j-simple\2.0.9\slf4j-simple-2.0.9.jar;C:\Users\Rafael Guibson\.m2\repository\org\junit\jupiter\junit-jupiter-engine\5.10.1\junit-jupiter-engine-5.10.1.jar;C:\Users\Rafael Guibson\.m2\repository\org\junit\platform\junit-platform-engine\1.10.1\junit-platform-engine-1.10.1.jar;C:\Users\Rafael Guibson\.m2\repository\org\opentest4j\opentest4j\1.3.0\opentest4j-1.3.0.jar;C:\Users\Rafael Guibson\.m2\repository\org\junit\platform\junit-platform-commons\1.10.1\junit-platform-commons-1.10.1.jar;C:\Users\Rafael Guibson\.m2\repository\org\junit\jupiter\junit-jupiter-api\5.10.1\junit-jupiter-api-5.10.1.jar;C:\Users\Rafael Guibson\.m2\repository\org\apiguardian\apiguardian-api\1.1.2\apiguardian-api-1.1.2.jar;C:\Users\Rafael Guibson\.m2\repository\org\eclipse\jetty\jetty-server\9.4.53.v20231009\jetty-server-9.4.53.v20231009.jar;C:\Users\Rafael Guibson\.m2\repository\javax\servlet\javax.servlet-api\3.1.0\javax.servlet-api-3.1.0.jar;C:\Users\Rafael Guibson\.m2\repository\org\eclipse\jetty\jetty-http\9.4.53.v20231009\jetty-http-9.4.53.v20231009.jar;C:\Users\Rafael Guibson\.m2\repository\org\eclipse\jetty\jetty-io\9.4.53.v20231009\jetty-io-9.4.53.v20231009.jar;C:\Users\Rafael Guibson\.m2\repository\org\eclipse\jetty\jetty-webapp\9.4.53.v20231009\jetty-webapp-9.4.53.v20231009.jar;C:\Users\Rafael Guibson\.m2\repository\org\eclipse\jetty\jetty-xml\9.4.53.v20231009\jetty-xml-9.4.53.v20231009.jar;C:\Users\Rafael Guibson\.m2\repository\org\eclipse\jetty\jetty-servlet\9.4.53.v20231009\jetty-servlet-9.4.53.v20231009.jar;C:\Users\Rafael Guibson\.m2\repository\org\eclipse\jetty\jetty-security\9.4.53.v20231009\jetty-security-9.4.53.v20231009.jar;C:\Users\Rafael Guibson\.m2\repository\org\eclipse\jetty\jetty-util-ajax\9.4.53.v20231009\jetty-util-ajax-9.4.53.v20231009.jar;C:\Users\Rafael Guibson\.m2\repository\org\eclipse\jetty\jetty-jmx\9.4.53.v20231009\jetty-jmx-9.4.53.v20231009.jar;C:\Users\Rafael Guibson\.m2\repository\org\eclipse\jetty\jetty-util\9.4.53.v20231009\jetty-util-9.4.53.v20231009.jar;C:\Users\Rafael Guibson\.m2\repository\org\eclipse\jetty\websocket\javax-websocket-server-impl\9.4.53.v20231009\javax-websocket-server-impl-9.4.53.v20231009.jar;C:\Users\Rafael Guibson\.m2\repository\org\eclipse\jetty\jetty-annotations\9.4.53.v20231009\jetty-annotations-9.4.53.v20231009.jar;C:\Users\Rafael Guibson\.m2\repository\org\eclipse\jetty\jetty-plus\9.4.53.v20231009\jetty-plus-9.4.53.v20231009.jar;C:\Users\Rafael Guibson\.m2\repository\org\eclipse\jetty\jetty-jndi\9.4.53.v20231009\jetty-jndi-9.4.53.v20231009.jar;C:\Users\Rafael Guibson\.m2\repository\javax\annotation\javax.annotation-api\1.3.2\javax.annotation-api-1.3.2.jar;C:\Users\Rafael Guibson\.m2\repository\org\ow2\asm\asm\9.6\asm-9.6.jar;C:\Users\Rafael Guibson\.m2\repository\org\ow2\asm\asm-commons\9.6\asm-commons-9.6.jar;C:\Users\Rafael Guibson\.m2\repository\org\ow2\asm\asm-tree\9.6\asm-tree-9.6.jar;C:\Users\Rafael Guibson\.m2\repository\org\eclipse\jetty\websocket\javax-websocket-client-impl\9.4.53.v20231009\javax-websocket-client-impl-9.4.53.v20231009.jar;C:\Users\Rafael Guibson\.m2\repository\org\eclipse\jetty\websocket\websocket-client\9.4.53.v20231009\websocket-client-9.4.53.v20231009.jar;C:\Users\Rafael Guibson\.m2\repository\org\eclipse\jetty\jetty-client\9.4.53.v20231009\jetty-client-9.4.53.v20231009.jar;C:\Users\Rafael Guibson\.m2\repository\javax\websocket\javax.websocket-client-api\1.0\javax.websocket-client-api-1.0.jar;C:\Users\Rafael Guibson\.m2\repository\org\eclipse\jetty\websocket\websocket-server\9.4.53.v20231009\websocket-server-9.4.53.v20231009.jar;C:\Users\Rafael Guibson\.m2\repository\org\eclipse\jetty\websocket\websocket-common\9.4.53.v20231009\websocket-common-9.4.53.v20231009.jar;C:\Users\Rafael Guibson\.m2\repository\org\eclipse\jetty\websocket\websocket-api\9.4.53.v20231009\websocket-api-9.4.53.v20231009.jar;C:\Users\Rafael Guibson\.m2\repository\org\eclipse\jetty\websocket\websocket-servlet\9.4.53.v20231009\websocket-servlet-9.4.53.v20231009.jar;C:\Users\Rafael Guibson\.m2\repository\javax\websocket\javax.websocket-api\1.0\javax.websocket-api-1.0.jar;C:\Users\Rafael Guibson\.m2\repository\org\projectlombok\lombok\1.18.30\lombok-1.18.30.jar;C:\Users\Rafael Guibson\.m2\repository\org\apache\httpcomponents\httpclient\4.3.4\httpclient-4.3.4.jar;C:\Users\Rafael Guibson\.m2\repository\org\apache\httpcomponents\httpcore\4.3.2\httpcore-4.3.2.jar;C:\Users\Rafael Guibson\.m2\repository\commons-logging\commons-logging\1.1.3\commons-logging-1.1.3.jar;C:\Users\Rafael Guibson\.m2\repository\commons-codec\commons-codec\1.6\commons-codec-1.6.jar;C:\Users\Rafael Guibson\.m2\repository\org\apache\flink\flink-s3-fs-hadoop\1.10-SNAPSHOT\flink-s3-fs-hadoop-1.10-SNAPSHOT.jar;C:\Users\Rafael Guibson\.m2\repository\org\apache\flink\force-shading\1.10-SNAPSHOT\force-shading-1.10-SNAPSHOT.jar;C:\Users\Rafael Guibson\.m2\repository\com\fasterxml\jackson\core\jackson-databind\2.13.0\jackson-databind-2.13.0.jar;C:\Users\Rafael Guibson\.m2\repository\com\fasterxml\jackson\core\jackson-annotations\2.13.0\jackson-annotations-2.13.0.jar;C:\Users\Rafael Guibson\.m2\repository\com\fasterxml\jackson\core\jackson-core\2.13.0\jackson-core-2.13.0.jar;C:\Users\Rafael Guibson\.m2\repository\com\google\code\gson\gson\2.10.1\gson-2.10.1.jar;C:\Users\Rafael Guibson\.m2\repository\jakarta\xml\bind\jakarta.xml.bind-api\4.0.1\jakarta.xml.bind-api-4.0.1.jar;C:\Users\Rafael Guibson\.m2\repository\jakarta\activation\jakarta.activation-api\2.1.2\jakarta.activation-api-2.1.2.jar;C:\Users\Rafael Guibson\.m2\repository\org\apache\flink\flink-azure-fs-hadoop\1.9-SNAPSHOT\flink-azure-fs-hadoop-1.9-SNAPSHOT.jar;C:\Users\Rafael Guibson\.m2\repository\org\apache\flink\flink-connector-elasticsearch5_2.11\1.10-SNAPSHOT\flink-connector-elasticsearch5_2.11-1.10-SNAPSHOT.jar;C:\Users\Rafael Guibson\.m2\repository\org\apache\wicket\wicket-extensions\9.16.0\wicket-extensions-9.16.0.jar;C:\Users\Rafael Guibson\.m2\repository\org\webjars\bower\jquery\3.7.1\jquery-3.7.1.jar;C:\Users\Rafael Guibson\.m2\repository\org\webjars\bower\jquery-mask-plugin\1.14.16\jquery-mask-plugin-1.14.16.jar;"/>
    <property name="sun.cpu.endian" value="little"/>
    <property name="user.home" value="C:\Users\Rafael Guibson"/>
    <property name="user.language" value="pt"/>
    <property name="java.specification.vendor" value="Oracle Corporation"/>
    <property name="java.version.date" value="2023-10-17"/>
    <property name="java.home" value="C:\Program Files\Java\jdk-17"/>
    <property name="file.separator" value="\"/>
    <property name="basedir" value="C:\Users\Rafael Guibson\Documents\Projeto Atualiza\ProjetoUnikaSistemas\Frontend-wicket"/>
    <property name="java.vm.compressedOopsMode" value="Zero based"/>
    <property name="line.separator" value="&#10;"/>
    <property name="java.vm.specification.vendor" value="Oracle Corporation"/>
    <property name="java.specification.name" value="Java Platform API Specification"/>
    <property name="surefire.real.class.path" value="C:\Users\Rafael Guibson\AppData\Local\Temp\surefire8792906976167164148\surefirebooter-20240103093509010_3.jar"/>
    <property name="user.script" value=""/>
    <property name="sun.management.compiler" value="HotSpot 64-Bit Tiered Compilers"/>
    <property name="java.runtime.version" value="17.0.9+11-LTS-201"/>
    <property name="user.name" value="Rafael Guibson"/>
    <property name="path.separator" value=";"/>
    <property name="os.version" value="10.0"/>
    <property name="java.runtime.name" value="Java(TM) SE Runtime Environment"/>
    <property name="file.encoding" value="Cp1252"/>
    <property name="java.vm.name" value="Java HotSpot(TM) 64-Bit Server VM"/>
    <property name="localRepository" value="C:\Users\Rafael Guibson\.m2\repository"/>
    <property name="java.vendor.url.bug" value="https://bugreport.java.com/bugreport/"/>
    <property name="java.io.tmpdir" value="C:\Users\RAFAEL~1\AppData\Local\Temp\"/>
    <property name="idea.version" value="2023.3.1"/>
    <property name="java.version" value="17.0.9"/>
    <property name="user.dir" value="C:\Users\Rafael Guibson\Documents\Projeto Atualiza\ProjetoUnikaSistemas\Frontend-wicket"/>
    <property name="os.arch" value="amd64"/>
    <property name="java.vm.specification.name" value="Java Virtual Machine Specification"/>
    <property name="sun.os.patch.level" value=""/>
    <property name="native.encoding" value="Cp1252"/>
    <property name="java.library.path" value="C:\Program Files\Java\jdk-17\bin;C:\Windows\Sun\Java\bin;C:\Windows\system32;C:\Windows;C:\Program Files\Common Files\Oracle\Java\javapath;C:\Windows\system32;C:\Windows;C:\Windows\System32\Wbem;C:\Windows\System32\WindowsPowerShell\v1.0\;C:\Windows\System32\OpenSSH\;C:\Program Files\Git\cmd;C:\cygwin64\bin;C:\Users\Rafael Guibson\AppData\Local\Programs\Python\Python312\Scripts\;C:\Users\Rafael Guibson\AppData\Local\Programs\Python\Python312\;C:\Users\Rafael Guibson\AppData\Local\Microsoft\WindowsApps;C:\apache-maven-3.9.6\bin;C:\Program Files\JetBrains\IntelliJ IDEA 2023.3\bin;;C:\Users\Rafael Guibson\AppData\Local\Programs\Microsoft VS Code\bin;C:\cygwin64\bin;;."/>
    <property name="java.vm.info" value="mixed mode, sharing"/>
    <property name="java.vendor" value="Oracle Corporation"/>
    <property name="java.vm.version" value="17.0.9+11-LTS-201"/>
    <property name="sun.io.unicode.encoding" value="UnicodeLittle"/>
    <property name="java.class.version" value="61.0"/>
  </properties>
  <testcase name="homepageRendersSuccessfully" classname="frontend.TestHomePage" time="0.389">
    <error message="Unable to find component with id &apos;form&apos; in [Page class = frontend.HomePage, id = 0, render count = 1]&#10;	Expected: &apos;:form&apos;.&#10;	Found with similar names: &apos;&apos;" type="Unable to find component with id &apos;form&apos; in [Page class = frontend.HomePage, id = 0, render count = 1]&#10;	Expected"><![CDATA[Unable to find component with id 'form' in [Page class = frontend.HomePage, id = 0, render count = 1]
	Expected: ':form'.
	Found with similar names: ''
 MarkupStream: [markup = file:/C:/Users/Rafael%20Guibson/Documents/Projeto%20Atualiza/ProjetoUnikaSistemas/Frontend-wicket/target/classes/frontend/HomePage.html
<!DOCTYPE html>
<html xmlns:wicket="http://wicket.apache.org" lang="pt-br">
<head>
    <meta http-equiv="Content-Type" content="text/html;charset=utf-8" />
    <title>Monitorador Unika Ltda.</title>
    <link href="https://cdn.jsdelivr.net/npm/bootstrap@5.3.2/dist/css/bootstrap.min.css" rel="stylesheet"
          integrity="sha384-T3c6CoIi6uLrA9TneNEoa7RxnatzjcDSCmG1MXxSR1GAsXEV/Dwwykc2MPK8M2HN" crossorigin="anonymous">
    <script src="https://cdn.jsdelivr.net/npm/bootstrap@5.3.2/dist/js/bootstrap.bundle.min.js"
            integrity="sha384-C6RzsynM9kWDrMNeT87bh95OGNyZPhcTNXj1NW7RuBCsyN/o0jlpcV8Qyq46cDfL"
            crossorigin="anonymous"></script>
    <link href="https://cdn.jsdelivr.net/npm/bootstrap@5.3.2/dist/css/bootstrap.min.css" rel="stylesheet"
          integrity="sha384-T3c6CoIi6uLrA9TneNEoa7RxnatzjcDSCmG1MXxSR1GAsXEV/Dwwykc2MPK8M2HN" crossorigin="anonymous">
    <script src="https://cdn.jsdelivr.net/npm/bootstrap@5.3.2/dist/js/bootstrap.bundle.min.js"
            integrity="sha384-C6RzsynM9kWDrMNeT87bh95OGNyZPhcTNXj1NW7RuBCsyN/o0jlpcV8Qyq46cDfL"
            crossorigin="anonymous"></script>
    <link rel="stylesheet" href="https://cdn.jsdelivr.net/npm/bootstrap-icons@1.11.2/font/bootstrap-icons.min.css">
    <script src="https://code.jquery.com/jquery-3.2.1.slim.min.js"></script>
    <script src="https://cdnjs.cloudflare.com/ajax/libs/jquery.mask/1.14.15/jquery.mask.min.js"></script>
    <script src="https://cdnjs.cloudflare.com/ajax/libs/popper.js/1.12.9/umd/popper.min.js"></script>


    <link rel="stylesheet" href="style.css"/>
    <script src="mascaras.js"></script>

</head>
<body>
<header>
    <nav>
        <a class="logo" href="/"> <img src="espiao.png" width="50px" height="50px" alt="Wicket Logo"/> Monitorador Unika Ltda.</a>
        <div class="mobile-menu">
            <div class="line1"></div>
            <div class="line2"></div>
            <div class="line3"></div>
        </div>
        <ul class="nav-list">

            <li><wicket:link><a href="#" wicket:id="inicioLink">Início</a></wicket:link></li>
            <li><wicket:link><a href="#" wicket:id="cadastrarLink">Cadastrar</a></wicket:link></li>
            <li><wicket:link><a href="#" wicket:id="pesquisarLink">Pesquisar</a></wicket:link></li>
            <li><wicket:link><a href="#" wicket:id="contatoLink">Perfil</a></wicket:link></li>
            <li><wicket:link><a href="#" wicket:id="sobreLink">Sobre</a></wicket:link></li>

        </ul>
    </nav>
</header>
<main>
    <div class="central-div">
        <!-- Conteúdo da div central -->
        <wicket:child><wicket:extend>
    <div class="text-center">
        <div id="logo">
            <img src="logo.png" width="50px" height="50px" alt="Wicket Logo"/>
            <h1 class="h1-perso">Lista Monitoradores</h1>
        </div>
    </div>

    <form wicket:id="form">
        <div class="toolbar-top" style="padding-top: 20px">
            <button wicket:id="addItemLink" type="button" class="btn btn-secondary btn-sm">Cadastrar Monitorador</button>
        </div>
        <div wicket:id="formNew" style="padding: 5px; background-color: darkslategrey;">
            <table cellpadding="5">
                <tr>
                    <td>Tipo</td>
                    <td> <input wicket:id="tipoPessoa" class="form-control" type="text"/></td>
                </tr>
                <tr>
                    <td>CPF/CNPJ</td>
                    <td> <input wicket:id="cpfCnpj" class="form-control" type="text"/></td>
                </tr>
                <tr>
                    <td>Nome/Razão Social</td>
                    <td> <input wicket:id="nomeRazaoSocial" class="form-control" type="text"/></td>
                </tr>
                <tr>
                    <td>Email</td>
                    <td> <input wicket:id="email" class="form-control" type="text"/></td>
                </tr>
                <tr>
                    <td>Telefone</td>
                    <td> <input wicket:id="telefone" class="form-control" type="text"/></td>
                </tr>
                <tr>
                    <td>RG</td>
                    <td> <input wicket:id="rg" class="form-control" type="text"/></td>
                </tr>
                <tr>
                    <td>Orgao Expedidor</td>
                    <td> <input wicket:id="orgaoExpedidor" class="form-control" type="text"/></td>
                </tr>
                <tr>
                    <td>Inscrição Estadual</td>
                    <td> <input wicket:id="inscricaoEstadual" class="form-control" type="text"/></td>
                </tr>
                <tr>
                    <td>Data de Nascimento</td>
                    <td> <input wicket:id="dataNascimento" class="form-control" type="text"/></td>
                </tr>
                <tr>
                    <td>Ativo</td>
                    <td> <input wicket:id="ativo" class="form-control" type="text"/></td>
                </tr>
            </table>
            <button wicket:id="salvar" type="button" class="btn btn-success btn-sm">Salvar</button>
        </div>
    </form>



    <div id="item">
        <table class="table table-striped">
            <tr>
                <th>ID</th>
                <th>Tipo</th>
                <th>CPF/CNPJ</th>
                <th>Nome/Razao Social</th>
                <th>Email</th>
                <th>Telefone</th>
                <th>RG</th>
                <th>Orgao Expedidor</th>
                <th>Inscricao Estadual</th>
                <th>Data Nascimento</th>
                <th>Ativo</th>
            </tr>
            <tr wicket:id="monitoradorList">
                <td wicket:id="id"></td>
                <td wicket:id="tipoPessoa"></td>
                <td wicket:id="cpfCnpj"></td>
                <td wicket:id="nomeRazaoSocial"></td>
                <td wicket:id="email"></td>
                <td wicket:id="telefone"></td>
                <td wicket:id="rg"></td>
                <td wicket:id="orgaoExpedidor"></td>
                <td wicket:id="inscricaoEstadual"></td>
                <td wicket:id="dataNascimento"></td>
                <td wicket:id="ativo"></td>
            </tr>
        </table>
    </div>
</wicket:extend></wicket:child>
    </div>

</main>
<script src="mobile-navbar.js"></script>

</body>
</html>
, index = 47, current =  '<form wicket:id="form">' (line 0, column 0)]
	at org.apache.wicket.markup.MarkupStream.throwMarkupException(MarkupStream.java:534)
	at org.apache.wicket.MarkupContainer.throwException(MarkupContainer.java:1553)
	at org.apache.wicket.MarkupContainer.renderNext(MarkupContainer.java:1472)
	at org.apache.wicket.MarkupContainer.renderAll(MarkupContainer.java:1659)
	at org.apache.wicket.Page.onRender(Page.java:858)
	at org.apache.wicket.markup.html.WebPage.onRender(WebPage.java:126)
	at org.apache.wicket.Component.internalRender(Component.java:2317)
	at org.apache.wicket.Component.render(Component.java:2248)
	at org.apache.wicket.Page.renderPage(Page.java:998)
	at org.apache.wicket.request.handler.render.WebPageRenderer.renderPage(WebPageRenderer.java:124)
	at org.apache.wicket.request.handler.render.WebPageRenderer.respond(WebPageRenderer.java:236)
	at org.apache.wicket.util.tester.BaseWicketTester$LastPageRecordingPageRendererProvider$1.respond(BaseWicketTester.java:2853)
	at org.apache.wicket.core.request.handler.RenderPageRequestHandler.respond(RenderPageRequestHandler.java:202)
	at org.apache.wicket.request.cycle.RequestCycle$HandlerExecutor.respond(RequestCycle.java:910)
	at org.apache.wicket.request.RequestHandlerExecutor.execute(RequestHandlerExecutor.java:63)
	at org.apache.wicket.request.cycle.RequestCycle.execute(RequestCycle.java:294)
	at org.apache.wicket.request.cycle.RequestCycle.processRequest(RequestCycle.java:255)
	at org.apache.wicket.request.cycle.RequestCycle.processRequestAndDetach(RequestCycle.java:223)
	at org.apache.wicket.util.tester.BaseWicketTester.processRequest(BaseWicketTester.java:715)
	at org.apache.wicket.util.tester.BaseWicketTester.processRequest(BaseWicketTester.java:654)
	at org.apache.wicket.util.tester.BaseWicketTester.processRequest(BaseWicketTester.java:626)
	at org.apache.wicket.util.tester.BaseWicketTester.startPage(BaseWicketTester.java:1279)
	at org.apache.wicket.util.tester.BaseWicketTester.startPage(BaseWicketTester.java:1252)
	at frontend.TestHomePage.homepageRendersSuccessfully(TestHomePage.java:24)
	at java.base/java.lang.reflect.Method.invoke(Method.java:568)
	at java.base/java.util.ArrayList.forEach(ArrayList.java:1511)
	at java.base/java.util.ArrayList.forEach(ArrayList.java:1511)
]]></error>
    <system-err><![CDATA[[main] INFO org.apache.wicket.Application - [WicketTesterApplication-9b112774-46d2-4173-b5b3-359864ef9707] init: Wicket core library initializer
[main] INFO org.apache.wicket.Application - [WicketTesterApplication-9b112774-46d2-4173-b5b3-359864ef9707] init: Wicket extensions initializer
[main] ERROR org.apache.wicket.MarkupContainer - Unable to find component with id 'form' in [Page class = frontend.HomePage, id = 0, render count = 1]
	Expected: ':form'.
	Found with similar names: ''
[main] WARN RequestCycleExtra - ********************************
[main] WARN RequestCycleExtra - Handling the following exception
Unable to find component with id 'form' in [Page class = frontend.HomePage, id = 0, render count = 1]
	Expected: ':form'.
	Found with similar names: ''
 MarkupStream: [markup = file:/C:/Users/Rafael%20Guibson/Documents/Projeto%20Atualiza/ProjetoUnikaSistemas/Frontend-wicket/target/classes/frontend/HomePage.html
<!DOCTYPE html>
<html xmlns:wicket="http://wicket.apache.org" lang="pt-br">
<head>
    <meta http-equiv="Content-Type" content="text/html;charset=utf-8" />
    <title>Monitorador Unika Ltda.</title>
    <link href="https://cdn.jsdelivr.net/npm/bootstrap@5.3.2/dist/css/bootstrap.min.css" rel="stylesheet"
          integrity="sha384-T3c6CoIi6uLrA9TneNEoa7RxnatzjcDSCmG1MXxSR1GAsXEV/Dwwykc2MPK8M2HN" crossorigin="anonymous">
    <script src="https://cdn.jsdelivr.net/npm/bootstrap@5.3.2/dist/js/bootstrap.bundle.min.js"
            integrity="sha384-C6RzsynM9kWDrMNeT87bh95OGNyZPhcTNXj1NW7RuBCsyN/o0jlpcV8Qyq46cDfL"
            crossorigin="anonymous"></script>
    <link href="https://cdn.jsdelivr.net/npm/bootstrap@5.3.2/dist/css/bootstrap.min.css" rel="stylesheet"
          integrity="sha384-T3c6CoIi6uLrA9TneNEoa7RxnatzjcDSCmG1MXxSR1GAsXEV/Dwwykc2MPK8M2HN" crossorigin="anonymous">
    <script src="https://cdn.jsdelivr.net/npm/bootstrap@5.3.2/dist/js/bootstrap.bundle.min.js"
            integrity="sha384-C6RzsynM9kWDrMNeT87bh95OGNyZPhcTNXj1NW7RuBCsyN/o0jlpcV8Qyq46cDfL"
            crossorigin="anonymous"></script>
    <link rel="stylesheet" href="https://cdn.jsdelivr.net/npm/bootstrap-icons@1.11.2/font/bootstrap-icons.min.css">
    <script src="https://code.jquery.com/jquery-3.2.1.slim.min.js"></script>
    <script src="https://cdnjs.cloudflare.com/ajax/libs/jquery.mask/1.14.15/jquery.mask.min.js"></script>
    <script src="https://cdnjs.cloudflare.com/ajax/libs/popper.js/1.12.9/umd/popper.min.js"></script>


    <link rel="stylesheet" href="style.css"/>
    <script src="mascaras.js"></script>

</head>
<body>
<header>
    <nav>
        <a class="logo" href="/"> <img src="espiao.png" width="50px" height="50px" alt="Wicket Logo"/> Monitorador Unika Ltda.</a>
        <div class="mobile-menu">
            <div class="line1"></div>
            <div class="line2"></div>
            <div class="line3"></div>
        </div>
        <ul class="nav-list">

            <li><wicket:link><a href="#" wicket:id="inicioLink">Início</a></wicket:link></li>
            <li><wicket:link><a href="#" wicket:id="cadastrarLink">Cadastrar</a></wicket:link></li>
            <li><wicket:link><a href="#" wicket:id="pesquisarLink">Pesquisar</a></wicket:link></li>
            <li><wicket:link><a href="#" wicket:id="contatoLink">Perfil</a></wicket:link></li>
            <li><wicket:link><a href="#" wicket:id="sobreLink">Sobre</a></wicket:link></li>

        </ul>
    </nav>
</header>
<main>
    <div class="central-div">
        <!-- Conteúdo da div central -->
        <wicket:child><wicket:extend>
    <div class="text-center">
        <div id="logo">
            <img src="logo.png" width="50px" height="50px" alt="Wicket Logo"/>
            <h1 class="h1-perso">Lista Monitoradores</h1>
        </div>
    </div>

    <form wicket:id="form">
        <div class="toolbar-top" style="padding-top: 20px">
            <button wicket:id="addItemLink" type="button" class="btn btn-secondary btn-sm">Cadastrar Monitorador</button>
        </div>
        <div wicket:id="formNew" style="padding: 5px; background-color: darkslategrey;">
            <table cellpadding="5">
                <tr>
                    <td>Tipo</td>
                    <td> <input wicket:id="tipoPessoa" class="form-control" type="text"/></td>
                </tr>
                <tr>
                    <td>CPF/CNPJ</td>
                    <td> <input wicket:id="cpfCnpj" class="form-control" type="text"/></td>
                </tr>
                <tr>
                    <td>Nome/Razão Social</td>
                    <td> <input wicket:id="nomeRazaoSocial" class="form-control" type="text"/></td>
                </tr>
                <tr>
                    <td>Email</td>
                    <td> <input wicket:id="email" class="form-control" type="text"/></td>
                </tr>
                <tr>
                    <td>Telefone</td>
                    <td> <input wicket:id="telefone" class="form-control" type="text"/></td>
                </tr>
                <tr>
                    <td>RG</td>
                    <td> <input wicket:id="rg" class="form-control" type="text"/></td>
                </tr>
                <tr>
                    <td>Orgao Expedidor</td>
                    <td> <input wicket:id="orgaoExpedidor" class="form-control" type="text"/></td>
                </tr>
                <tr>
                    <td>Inscrição Estadual</td>
                    <td> <input wicket:id="inscricaoEstadual" class="form-control" type="text"/></td>
                </tr>
                <tr>
                    <td>Data de Nascimento</td>
                    <td> <input wicket:id="dataNascimento" class="form-control" type="text"/></td>
                </tr>
                <tr>
                    <td>Ativo</td>
                    <td> <input wicket:id="ativo" class="form-control" type="text"/></td>
                </tr>
            </table>
            <button wicket:id="salvar" type="button" class="btn btn-success btn-sm">Salvar</button>
        </div>
    </form>



    <div id="item">
        <table class="table table-striped">
            <tr>
                <th>ID</th>
                <th>Tipo</th>
                <th>CPF/CNPJ</th>
                <th>Nome/Razao Social</th>
                <th>Email</th>
                <th>Telefone</th>
                <th>RG</th>
                <th>Orgao Expedidor</th>
                <th>Inscricao Estadual</th>
                <th>Data Nascimento</th>
                <th>Ativo</th>
            </tr>
            <tr wicket:id="monitoradorList">
                <td wicket:id="id"></td>
                <td wicket:id="tipoPessoa"></td>
                <td wicket:id="cpfCnpj"></td>
                <td wicket:id="nomeRazaoSocial"></td>
                <td wicket:id="email"></td>
                <td wicket:id="telefone"></td>
                <td wicket:id="rg"></td>
                <td wicket:id="orgaoExpedidor"></td>
                <td wicket:id="inscricaoEstadual"></td>
                <td wicket:id="dataNascimento"></td>
                <td wicket:id="ativo"></td>
            </tr>
        </table>
    </div>
</wicket:extend></wicket:child>
    </div>

</main>
<script src="mobile-navbar.js"></script>

</body>
</html>
, index = 47, current =  '<form wicket:id="form">' (line 0, column 0)]
	at org.apache.wicket.markup.MarkupStream.throwMarkupException(MarkupStream.java:534)
	at org.apache.wicket.MarkupContainer.throwException(MarkupContainer.java:1553)
	at org.apache.wicket.MarkupContainer.renderNext(MarkupContainer.java:1472)
	at org.apache.wicket.MarkupContainer.renderAll(MarkupContainer.java:1659)
	at org.apache.wicket.Page.onRender(Page.java:858)
	at org.apache.wicket.markup.html.WebPage.onRender(WebPage.java:126)
	at org.apache.wicket.Component.internalRender(Component.java:2317)
	at org.apache.wicket.Component.render(Component.java:2248)
	at org.apache.wicket.Page.renderPage(Page.java:998)
	at org.apache.wicket.request.handler.render.WebPageRenderer.renderPage(WebPageRenderer.java:124)
	at org.apache.wicket.request.handler.render.WebPageRenderer.respond(WebPageRenderer.java:236)
	at org.apache.wicket.util.tester.BaseWicketTester$LastPageRecordingPageRendererProvider$1.respond(BaseWicketTester.java:2853)
	at org.apache.wicket.core.request.handler.RenderPageRequestHandler.respond(RenderPageRequestHandler.java:202)
	at org.apache.wicket.request.cycle.RequestCycle$HandlerExecutor.respond(RequestCycle.java:910)
	at org.apache.wicket.request.RequestHandlerExecutor.execute(RequestHandlerExecutor.java:63)
	at org.apache.wicket.request.cycle.RequestCycle.execute(RequestCycle.java:294)
	at org.apache.wicket.request.cycle.RequestCycle.processRequest(RequestCycle.java:255)
	at org.apache.wicket.request.cycle.RequestCycle.processRequestAndDetach(RequestCycle.java:223)
	at org.apache.wicket.util.tester.BaseWicketTester.processRequest(BaseWicketTester.java:715)
	at org.apache.wicket.util.tester.BaseWicketTester.processRequest(BaseWicketTester.java:654)
	at org.apache.wicket.util.tester.BaseWicketTester.processRequest(BaseWicketTester.java:626)
	at org.apache.wicket.util.tester.BaseWicketTester.startPage(BaseWicketTester.java:1279)
	at org.apache.wicket.util.tester.BaseWicketTester.startPage(BaseWicketTester.java:1252)
	at frontend.TestHomePage.homepageRendersSuccessfully(TestHomePage.java:24)
	at java.base/jdk.internal.reflect.NativeMethodAccessorImpl.invoke0(Native Method)
	at java.base/jdk.internal.reflect.NativeMethodAccessorImpl.invoke(NativeMethodAccessorImpl.java:77)
	at java.base/jdk.internal.reflect.DelegatingMethodAccessorImpl.invoke(DelegatingMethodAccessorImpl.java:43)
	at java.base/java.lang.reflect.Method.invoke(Method.java:568)
	at org.junit.platform.commons.util.ReflectionUtils.invokeMethod(ReflectionUtils.java:728)
	at org.junit.jupiter.engine.execution.MethodInvocation.proceed(MethodInvocation.java:60)
	at org.junit.jupiter.engine.execution.InvocationInterceptorChain$ValidatingInvocation.proceed(InvocationInterceptorChain.java:131)
	at org.junit.jupiter.engine.extension.TimeoutExtension.intercept(TimeoutExtension.java:156)
	at org.junit.jupiter.engine.extension.TimeoutExtension.interceptTestableMethod(TimeoutExtension.java:147)
	at org.junit.jupiter.engine.extension.TimeoutExtension.interceptTestMethod(TimeoutExtension.java:86)
	at org.junit.jupiter.engine.execution.InterceptingExecutableInvoker$ReflectiveInterceptorCall.lambda$ofVoidMethod$0(InterceptingExecutableInvoker.java:103)
	at org.junit.jupiter.engine.execution.InterceptingExecutableInvoker.lambda$invoke$0(InterceptingExecutableInvoker.java:93)
	at org.junit.jupiter.engine.execution.InvocationInterceptorChain$InterceptedInvocation.proceed(InvocationInterceptorChain.java:106)
	at org.junit.jupiter.engine.execution.InvocationInterceptorChain.proceed(InvocationInterceptorChain.java:64)
	at org.junit.jupiter.engine.execution.InvocationInterceptorChain.chainAndInvoke(InvocationInterceptorChain.java:45)
	at org.junit.jupiter.engine.execution.InvocationInterceptorChain.invoke(InvocationInterceptorChain.java:37)
	at org.junit.jupiter.engine.execution.InterceptingExecutableInvoker.invoke(InterceptingExecutableInvoker.java:92)
	at org.junit.jupiter.engine.execution.InterceptingExecutableInvoker.invoke(InterceptingExecutableInvoker.java:86)
	at org.junit.jupiter.engine.descriptor.TestMethodTestDescriptor.lambda$invokeTestMethod$7(TestMethodTestDescriptor.java:218)
	at org.junit.platform.engine.support.hierarchical.ThrowableCollector.execute(ThrowableCollector.java:73)
	at org.junit.jupiter.engine.descriptor.TestMethodTestDescriptor.invokeTestMethod(TestMethodTestDescriptor.java:214)
	at org.junit.jupiter.engine.descriptor.TestMethodTestDescriptor.execute(TestMethodTestDescriptor.java:139)
	at org.junit.jupiter.engine.descriptor.TestMethodTestDescriptor.execute(TestMethodTestDescriptor.java:69)
	at org.junit.platform.engine.support.hierarchical.NodeTestTask.lambda$executeRecursively$6(NodeTestTask.java:151)
	at org.junit.platform.engine.support.hierarchical.ThrowableCollector.execute(ThrowableCollector.java:73)
	at org.junit.platform.engine.support.hierarchical.NodeTestTask.lambda$executeRecursively$8(NodeTestTask.java:141)
	at org.junit.platform.engine.support.hierarchical.Node.around(Node.java:137)
	at org.junit.platform.engine.support.hierarchical.NodeTestTask.lambda$executeRecursively$9(NodeTestTask.java:139)
	at org.junit.platform.engine.support.hierarchical.ThrowableCollector.execute(ThrowableCollector.java:73)
	at org.junit.platform.engine.support.hierarchical.NodeTestTask.executeRecursively(NodeTestTask.java:138)
	at org.junit.platform.engine.support.hierarchical.NodeTestTask.execute(NodeTestTask.java:95)
	at java.base/java.util.ArrayList.forEach(ArrayList.java:1511)
	at org.junit.platform.engine.support.hierarchical.SameThreadHierarchicalTestExecutorService.invokeAll(SameThreadHierarchicalTestExecutorService.java:41)
	at org.junit.platform.engine.support.hierarchical.NodeTestTask.lambda$executeRecursively$6(NodeTestTask.java:155)
	at org.junit.platform.engine.support.hierarchical.ThrowableCollector.execute(ThrowableCollector.java:73)
	at org.junit.platform.engine.support.hierarchical.NodeTestTask.lambda$executeRecursively$8(NodeTestTask.java:141)
	at org.junit.platform.engine.support.hierarchical.Node.around(Node.java:137)
	at org.junit.platform.engine.support.hierarchical.NodeTestTask.lambda$executeRecursively$9(NodeTestTask.java:139)
	at org.junit.platform.engine.support.hierarchical.ThrowableCollector.execute(ThrowableCollector.java:73)
	at org.junit.platform.engine.support.hierarchical.NodeTestTask.executeRecursively(NodeTestTask.java:138)
	at org.junit.platform.engine.support.hierarchical.NodeTestTask.execute(NodeTestTask.java:95)
	at java.base/java.util.ArrayList.forEach(ArrayList.java:1511)
	at org.junit.platform.engine.support.hierarchical.SameThreadHierarchicalTestExecutorService.invokeAll(SameThreadHierarchicalTestExecutorService.java:41)
	at org.junit.platform.engine.support.hierarchical.NodeTestTask.lambda$executeRecursively$6(NodeTestTask.java:155)
	at org.junit.platform.engine.support.hierarchical.ThrowableCollector.execute(ThrowableCollector.java:73)
	at org.junit.platform.engine.support.hierarchical.NodeTestTask.lambda$executeRecursively$8(NodeTestTask.java:141)
	at org.junit.platform.engine.support.hierarchical.Node.around(Node.java:137)
	at org.junit.platform.engine.support.hierarchical.NodeTestTask.lambda$executeRecursively$9(NodeTestTask.java:139)
	at org.junit.platform.engine.support.hierarchical.ThrowableCollector.execute(ThrowableCollector.java:73)
	at org.junit.platform.engine.support.hierarchical.NodeTestTask.executeRecursively(NodeTestTask.java:138)
	at org.junit.platform.engine.support.hierarchical.NodeTestTask.execute(NodeTestTask.java:95)
	at org.junit.platform.engine.support.hierarchical.SameThreadHierarchicalTestExecutorService.submit(SameThreadHierarchicalTestExecutorService.java:35)
	at org.junit.platform.engine.support.hierarchical.HierarchicalTestExecutor.execute(HierarchicalTestExecutor.java:57)
	at org.junit.platform.engine.support.hierarchical.HierarchicalTestEngine.execute(HierarchicalTestEngine.java:54)
	at org.junit.platform.launcher.core.EngineExecutionOrchestrator.execute(EngineExecutionOrchestrator.java:198)
	at org.junit.platform.launcher.core.EngineExecutionOrchestrator.execute(EngineExecutionOrchestrator.java:169)
	at org.junit.platform.launcher.core.EngineExecutionOrchestrator.execute(EngineExecutionOrchestrator.java:93)
	at org.junit.platform.launcher.core.EngineExecutionOrchestrator.lambda$execute$0(EngineExecutionOrchestrator.java:58)
	at org.junit.platform.launcher.core.EngineExecutionOrchestrator.withInterceptedStreams(EngineExecutionOrchestrator.java:141)
	at org.junit.platform.launcher.core.EngineExecutionOrchestrator.execute(EngineExecutionOrchestrator.java:57)
	at org.junit.platform.launcher.core.DefaultLauncher.execute(DefaultLauncher.java:103)
	at org.junit.platform.launcher.core.DefaultLauncher.execute(DefaultLauncher.java:85)
	at org.junit.platform.launcher.core.DelegatingLauncher.execute(DelegatingLauncher.java:47)
	at org.apache.maven.surefire.junitplatform.LazyLauncher.execute(LazyLauncher.java:56)
	at org.apache.maven.surefire.junitplatform.JUnitPlatformProvider.execute(JUnitPlatformProvider.java:184)
	at org.apache.maven.surefire.junitplatform.JUnitPlatformProvider.invokeAllTests(JUnitPlatformProvider.java:148)
	at org.apache.maven.surefire.junitplatform.JUnitPlatformProvider.invoke(JUnitPlatformProvider.java:122)
	at org.apache.maven.surefire.booter.ForkedBooter.runSuitesInProcess(ForkedBooter.java:385)
	at org.apache.maven.surefire.booter.ForkedBooter.execute(ForkedBooter.java:162)
	at org.apache.maven.surefire.booter.ForkedBooter.run(ForkedBooter.java:507)
	at org.apache.maven.surefire.booter.ForkedBooter.main(ForkedBooter.java:495)
[main] WARN RequestCycleExtra - ********************************
]]></system-err>
  </testcase>
</testsuite>