<?xml version="1.0" encoding="UTF-8"?>
<testsuite xmlns:xsi="http://www.w3.org/2001/XMLSchema-instance" xsi:noNamespaceSchemaLocation="https://maven.apache.org/surefire/maven-surefire-plugin/xsd/surefire-test-report-3.0.xsd" version="3.0" name="frontend.TestHomePage" time="0.611" tests="1" errors="0" skipped="0" failures="0">
  <properties>
    <property name="java.specification.version" value="17"/>
    <property name="sun.cpu.isalist" value="amd64"/>
    <property name="sun.jnu.encoding" value="Cp1252"/>
    <property name="java.class.path" value="C:\Users\Rafael\Documents\Projeto Monitorador\Frontend-wicket\target\test-classes;C:\Users\Rafael\Documents\Projeto Monitorador\Frontend-wicket\target\classes;C:\Users\Rafael\.m2\repository\org\apache\wicket\wicket-core\9.16.0\wicket-core-9.16.0.jar;C:\Users\Rafael\.m2\repository\com\github\openjson\openjson\1.0.13\openjson-1.0.13.jar;C:\Users\Rafael\.m2\repository\org\apache\wicket\wicket-request\9.16.0\wicket-request-9.16.0.jar;C:\Users\Rafael\.m2\repository\org\apache\wicket\wicket-util\9.16.0\wicket-util-9.16.0.jar;C:\Users\Rafael\.m2\repository\commons-fileupload\commons-fileupload\1.5\commons-fileupload-1.5.jar;C:\Users\Rafael\.m2\repository\commons-io\commons-io\2.15.0\commons-io-2.15.0.jar;C:\Users\Rafael\.m2\repository\org\apache\commons\commons-collections4\4.4\commons-collections4-4.4.jar;C:\Users\Rafael\.m2\repository\org\danekja\jdk-serializable-functional\1.9.0\jdk-serializable-functional-1.9.0.jar;C:\Users\Rafael\.m2\repository\org\slf4j\slf4j-api\2.0.9\slf4j-api-2.0.9.jar;C:\Users\Rafael\.m2\repository\org\apache\wicket\wicket-native-websocket-javax\9.16.0\wicket-native-websocket-javax-9.16.0.jar;C:\Users\Rafael\.m2\repository\org\apache\wicket\wicket-native-websocket-core\9.16.0\wicket-native-websocket-core-9.16.0.jar;C:\Users\Rafael\.m2\repository\org\slf4j\slf4j-simple\2.0.9\slf4j-simple-2.0.9.jar;C:\Users\Rafael\.m2\repository\org\junit\jupiter\junit-jupiter-engine\5.10.1\junit-jupiter-engine-5.10.1.jar;C:\Users\Rafael\.m2\repository\org\junit\platform\junit-platform-engine\1.10.1\junit-platform-engine-1.10.1.jar;C:\Users\Rafael\.m2\repository\org\opentest4j\opentest4j\1.3.0\opentest4j-1.3.0.jar;C:\Users\Rafael\.m2\repository\org\junit\platform\junit-platform-commons\1.10.1\junit-platform-commons-1.10.1.jar;C:\Users\Rafael\.m2\repository\org\junit\jupiter\junit-jupiter-api\5.10.1\junit-jupiter-api-5.10.1.jar;C:\Users\Rafael\.m2\repository\org\apiguardian\apiguardian-api\1.1.2\apiguardian-api-1.1.2.jar;C:\Users\Rafael\.m2\repository\org\eclipse\jetty\jetty-server\9.4.53.v20231009\jetty-server-9.4.53.v20231009.jar;C:\Users\Rafael\.m2\repository\javax\servlet\javax.servlet-api\3.1.0\javax.servlet-api-3.1.0.jar;C:\Users\Rafael\.m2\repository\org\eclipse\jetty\jetty-http\9.4.53.v20231009\jetty-http-9.4.53.v20231009.jar;C:\Users\Rafael\.m2\repository\org\eclipse\jetty\jetty-io\9.4.53.v20231009\jetty-io-9.4.53.v20231009.jar;C:\Users\Rafael\.m2\repository\org\eclipse\jetty\jetty-webapp\9.4.53.v20231009\jetty-webapp-9.4.53.v20231009.jar;C:\Users\Rafael\.m2\repository\org\eclipse\jetty\jetty-xml\9.4.53.v20231009\jetty-xml-9.4.53.v20231009.jar;C:\Users\Rafael\.m2\repository\org\eclipse\jetty\jetty-servlet\9.4.53.v20231009\jetty-servlet-9.4.53.v20231009.jar;C:\Users\Rafael\.m2\repository\org\eclipse\jetty\jetty-security\9.4.53.v20231009\jetty-security-9.4.53.v20231009.jar;C:\Users\Rafael\.m2\repository\org\eclipse\jetty\jetty-util-ajax\9.4.53.v20231009\jetty-util-ajax-9.4.53.v20231009.jar;C:\Users\Rafael\.m2\repository\org\eclipse\jetty\jetty-jmx\9.4.53.v20231009\jetty-jmx-9.4.53.v20231009.jar;C:\Users\Rafael\.m2\repository\org\eclipse\jetty\jetty-util\9.4.53.v20231009\jetty-util-9.4.53.v20231009.jar;C:\Users\Rafael\.m2\repository\org\eclipse\jetty\websocket\javax-websocket-server-impl\9.4.53.v20231009\javax-websocket-server-impl-9.4.53.v20231009.jar;C:\Users\Rafael\.m2\repository\org\eclipse\jetty\jetty-annotations\9.4.53.v20231009\jetty-annotations-9.4.53.v20231009.jar;C:\Users\Rafael\.m2\repository\org\eclipse\jetty\jetty-plus\9.4.53.v20231009\jetty-plus-9.4.53.v20231009.jar;C:\Users\Rafael\.m2\repository\org\eclipse\jetty\jetty-jndi\9.4.53.v20231009\jetty-jndi-9.4.53.v20231009.jar;C:\Users\Rafael\.m2\repository\javax\annotation\javax.annotation-api\1.3.2\javax.annotation-api-1.3.2.jar;C:\Users\Rafael\.m2\repository\org\ow2\asm\asm\9.6\asm-9.6.jar;C:\Users\Rafael\.m2\repository\org\ow2\asm\asm-commons\9.6\asm-commons-9.6.jar;C:\Users\Rafael\.m2\repository\org\ow2\asm\asm-tree\9.6\asm-tree-9.6.jar;C:\Users\Rafael\.m2\repository\org\eclipse\jetty\websocket\javax-websocket-client-impl\9.4.53.v20231009\javax-websocket-client-impl-9.4.53.v20231009.jar;C:\Users\Rafael\.m2\repository\org\eclipse\jetty\websocket\websocket-client\9.4.53.v20231009\websocket-client-9.4.53.v20231009.jar;C:\Users\Rafael\.m2\repository\org\eclipse\jetty\jetty-client\9.4.53.v20231009\jetty-client-9.4.53.v20231009.jar;C:\Users\Rafael\.m2\repository\javax\websocket\javax.websocket-client-api\1.0\javax.websocket-client-api-1.0.jar;C:\Users\Rafael\.m2\repository\org\eclipse\jetty\websocket\websocket-server\9.4.53.v20231009\websocket-server-9.4.53.v20231009.jar;C:\Users\Rafael\.m2\repository\org\eclipse\jetty\websocket\websocket-common\9.4.53.v20231009\websocket-common-9.4.53.v20231009.jar;C:\Users\Rafael\.m2\repository\org\eclipse\jetty\websocket\websocket-api\9.4.53.v20231009\websocket-api-9.4.53.v20231009.jar;C:\Users\Rafael\.m2\repository\org\eclipse\jetty\websocket\websocket-servlet\9.4.53.v20231009\websocket-servlet-9.4.53.v20231009.jar;C:\Users\Rafael\.m2\repository\javax\websocket\javax.websocket-api\1.0\javax.websocket-api-1.0.jar;"/>
    <property name="java.vm.vendor" value="Oracle Corporation"/>
    <property name="sun.arch.data.model" value="64"/>
    <property name="user.variant" value=""/>
    <property name="java.vendor.url" value="https://java.oracle.com/"/>
    <property name="user.timezone" value="America/Sao_Paulo"/>
    <property name="os.name" value="Windows 10"/>
    <property name="java.vm.specification.version" value="17"/>
    <property name="sun.java.launcher" value="SUN_STANDARD"/>
    <property name="user.country" value="US"/>
    <property name="sun.boot.library.path" value="C:\Program Files\Java\jdk-17\bin"/>
    <property name="sun.java.command" value="C:\Users\Rafael\AppData\Local\Temp\surefire17518390570637579435\surefirebooter-20240101073057162_3.jar C:\Users\Rafael\AppData\Local\Temp\surefire17518390570637579435 2024-01-01T07-30-55_547-jvmRun1 surefire-20240101073057162_1tmp surefire_0-20240101073057162_2tmp"/>
    <property name="jdk.debug" value="release"/>
    <property name="surefire.test.class.path" value="C:\Users\Rafael\Documents\Projeto Monitorador\Frontend-wicket\target\test-classes;C:\Users\Rafael\Documents\Projeto Monitorador\Frontend-wicket\target\classes;C:\Users\Rafael\.m2\repository\org\apache\wicket\wicket-core\9.16.0\wicket-core-9.16.0.jar;C:\Users\Rafael\.m2\repository\com\github\openjson\openjson\1.0.13\openjson-1.0.13.jar;C:\Users\Rafael\.m2\repository\org\apache\wicket\wicket-request\9.16.0\wicket-request-9.16.0.jar;C:\Users\Rafael\.m2\repository\org\apache\wicket\wicket-util\9.16.0\wicket-util-9.16.0.jar;C:\Users\Rafael\.m2\repository\commons-fileupload\commons-fileupload\1.5\commons-fileupload-1.5.jar;C:\Users\Rafael\.m2\repository\commons-io\commons-io\2.15.0\commons-io-2.15.0.jar;C:\Users\Rafael\.m2\repository\org\apache\commons\commons-collections4\4.4\commons-collections4-4.4.jar;C:\Users\Rafael\.m2\repository\org\danekja\jdk-serializable-functional\1.9.0\jdk-serializable-functional-1.9.0.jar;C:\Users\Rafael\.m2\repository\org\slf4j\slf4j-api\2.0.9\slf4j-api-2.0.9.jar;C:\Users\Rafael\.m2\repository\org\apache\wicket\wicket-native-websocket-javax\9.16.0\wicket-native-websocket-javax-9.16.0.jar;C:\Users\Rafael\.m2\repository\org\apache\wicket\wicket-native-websocket-core\9.16.0\wicket-native-websocket-core-9.16.0.jar;C:\Users\Rafael\.m2\repository\org\slf4j\slf4j-simple\2.0.9\slf4j-simple-2.0.9.jar;C:\Users\Rafael\.m2\repository\org\junit\jupiter\junit-jupiter-engine\5.10.1\junit-jupiter-engine-5.10.1.jar;C:\Users\Rafael\.m2\repository\org\junit\platform\junit-platform-engine\1.10.1\junit-platform-engine-1.10.1.jar;C:\Users\Rafael\.m2\repository\org\opentest4j\opentest4j\1.3.0\opentest4j-1.3.0.jar;C:\Users\Rafael\.m2\repository\org\junit\platform\junit-platform-commons\1.10.1\junit-platform-commons-1.10.1.jar;C:\Users\Rafael\.m2\repository\org\junit\jupiter\junit-jupiter-api\5.10.1\junit-jupiter-api-5.10.1.jar;C:\Users\Rafael\.m2\repository\org\apiguardian\apiguardian-api\1.1.2\apiguardian-api-1.1.2.jar;C:\Users\Rafael\.m2\repository\org\eclipse\jetty\jetty-server\9.4.53.v20231009\jetty-server-9.4.53.v20231009.jar;C:\Users\Rafael\.m2\repository\javax\servlet\javax.servlet-api\3.1.0\javax.servlet-api-3.1.0.jar;C:\Users\Rafael\.m2\repository\org\eclipse\jetty\jetty-http\9.4.53.v20231009\jetty-http-9.4.53.v20231009.jar;C:\Users\Rafael\.m2\repository\org\eclipse\jetty\jetty-io\9.4.53.v20231009\jetty-io-9.4.53.v20231009.jar;C:\Users\Rafael\.m2\repository\org\eclipse\jetty\jetty-webapp\9.4.53.v20231009\jetty-webapp-9.4.53.v20231009.jar;C:\Users\Rafael\.m2\repository\org\eclipse\jetty\jetty-xml\9.4.53.v20231009\jetty-xml-9.4.53.v20231009.jar;C:\Users\Rafael\.m2\repository\org\eclipse\jetty\jetty-servlet\9.4.53.v20231009\jetty-servlet-9.4.53.v20231009.jar;C:\Users\Rafael\.m2\repository\org\eclipse\jetty\jetty-security\9.4.53.v20231009\jetty-security-9.4.53.v20231009.jar;C:\Users\Rafael\.m2\repository\org\eclipse\jetty\jetty-util-ajax\9.4.53.v20231009\jetty-util-ajax-9.4.53.v20231009.jar;C:\Users\Rafael\.m2\repository\org\eclipse\jetty\jetty-jmx\9.4.53.v20231009\jetty-jmx-9.4.53.v20231009.jar;C:\Users\Rafael\.m2\repository\org\eclipse\jetty\jetty-util\9.4.53.v20231009\jetty-util-9.4.53.v20231009.jar;C:\Users\Rafael\.m2\repository\org\eclipse\jetty\websocket\javax-websocket-server-impl\9.4.53.v20231009\javax-websocket-server-impl-9.4.53.v20231009.jar;C:\Users\Rafael\.m2\repository\org\eclipse\jetty\jetty-annotations\9.4.53.v20231009\jetty-annotations-9.4.53.v20231009.jar;C:\Users\Rafael\.m2\repository\org\eclipse\jetty\jetty-plus\9.4.53.v20231009\jetty-plus-9.4.53.v20231009.jar;C:\Users\Rafael\.m2\repository\org\eclipse\jetty\jetty-jndi\9.4.53.v20231009\jetty-jndi-9.4.53.v20231009.jar;C:\Users\Rafael\.m2\repository\javax\annotation\javax.annotation-api\1.3.2\javax.annotation-api-1.3.2.jar;C:\Users\Rafael\.m2\repository\org\ow2\asm\asm\9.6\asm-9.6.jar;C:\Users\Rafael\.m2\repository\org\ow2\asm\asm-commons\9.6\asm-commons-9.6.jar;C:\Users\Rafael\.m2\repository\org\ow2\asm\asm-tree\9.6\asm-tree-9.6.jar;C:\Users\Rafael\.m2\repository\org\eclipse\jetty\websocket\javax-websocket-client-impl\9.4.53.v20231009\javax-websocket-client-impl-9.4.53.v20231009.jar;C:\Users\Rafael\.m2\repository\org\eclipse\jetty\websocket\websocket-client\9.4.53.v20231009\websocket-client-9.4.53.v20231009.jar;C:\Users\Rafael\.m2\repository\org\eclipse\jetty\jetty-client\9.4.53.v20231009\jetty-client-9.4.53.v20231009.jar;C:\Users\Rafael\.m2\repository\javax\websocket\javax.websocket-client-api\1.0\javax.websocket-client-api-1.0.jar;C:\Users\Rafael\.m2\repository\org\eclipse\jetty\websocket\websocket-server\9.4.53.v20231009\websocket-server-9.4.53.v20231009.jar;C:\Users\Rafael\.m2\repository\org\eclipse\jetty\websocket\websocket-common\9.4.53.v20231009\websocket-common-9.4.53.v20231009.jar;C:\Users\Rafael\.m2\repository\org\eclipse\jetty\websocket\websocket-api\9.4.53.v20231009\websocket-api-9.4.53.v20231009.jar;C:\Users\Rafael\.m2\repository\org\eclipse\jetty\websocket\websocket-servlet\9.4.53.v20231009\websocket-servlet-9.4.53.v20231009.jar;C:\Users\Rafael\.m2\repository\javax\websocket\javax.websocket-api\1.0\javax.websocket-api-1.0.jar;"/>
    <property name="sun.cpu.endian" value="little"/>
    <property name="user.home" value="C:\Users\Rafael"/>
    <property name="user.language" value="en"/>
    <property name="java.specification.vendor" value="Oracle Corporation"/>
    <property name="java.version.date" value="2023-10-17"/>
    <property name="java.home" value="C:\Program Files\Java\jdk-17"/>
    <property name="file.separator" value="\"/>
    <property name="basedir" value="C:\Users\Rafael\Documents\Projeto Monitorador\Frontend-wicket"/>
    <property name="java.vm.compressedOopsMode" value="Zero based"/>
    <property name="line.separator" value="&#10;"/>
    <property name="java.vm.specification.vendor" value="Oracle Corporation"/>
    <property name="java.specification.name" value="Java Platform API Specification"/>
    <property name="surefire.real.class.path" value="C:\Users\Rafael\AppData\Local\Temp\surefire17518390570637579435\surefirebooter-20240101073057162_3.jar"/>
    <property name="user.script" value=""/>
    <property name="sun.management.compiler" value="HotSpot 64-Bit Tiered Compilers"/>
    <property name="java.runtime.version" value="17.0.9+11-LTS-201"/>
    <property name="user.name" value="Rafael"/>
    <property name="path.separator" value=";"/>
    <property name="os.version" value="10.0"/>
    <property name="java.runtime.name" value="Java(TM) SE Runtime Environment"/>
    <property name="file.encoding" value="Cp1252"/>
    <property name="java.vm.name" value="Java HotSpot(TM) 64-Bit Server VM"/>
    <property name="localRepository" value="C:\Users\Rafael\.m2\repository"/>
    <property name="java.vendor.url.bug" value="https://bugreport.java.com/bugreport/"/>
    <property name="java.io.tmpdir" value="C:\Users\Rafael\AppData\Local\Temp\"/>
    <property name="java.version" value="17.0.9"/>
    <property name="user.dir" value="C:\Users\Rafael\Documents\Projeto Monitorador\Frontend-wicket"/>
    <property name="os.arch" value="amd64"/>
    <property name="java.vm.specification.name" value="Java Virtual Machine Specification"/>
    <property name="sun.os.patch.level" value=""/>
    <property name="native.encoding" value="Cp1252"/>
    <property name="java.library.path" value="C:\Program Files\Java\jdk-17\bin;C:\Windows\Sun\Java\bin;C:\Windows\system32;C:\Windows;C:\Users\Rafael\bin;C:\Program Files\Git\mingw64\bin;C:\Program Files\Git\usr\local\bin;C:\Program Files\Git\usr\bin;C:\Program Files\Git\usr\bin;C:\Program Files\Git\mingw64\bin;C:\Program Files\Git\usr\bin;C:\Users\Rafael\bin;C:\Program Files\Common Files\Oracle\Java\javapath;C:\Windows\system32;C:\Windows;C:\Windows\System32\Wbem;C:\Windows\System32\WindowsPowerShell\v1.0;C:\Windows\System32\OpenSSH;C:\Program Files (x86)\NVIDIA Corporation\PhysX\Common;C:\apache-maven-3.9.6\bin;C:\Program Files\Git\cmd;C:\Users\Rafael\AppData\Local\Microsoft\WindowsApps;C:\Program Files\JetBrains\IntelliJ IDEA 2023.3.2\bin;C:\Users\Rafael\AppData\Local\Programs\Microsoft VS Code\bin;C:\apache-maven-3.9.6\bin;C:\Program Files\Git\usr\bin\vendor_perl;C:\Program Files\Git\usr\bin\core_perl;."/>
    <property name="java.vm.info" value="mixed mode, sharing"/>
    <property name="java.vendor" value="Oracle Corporation"/>
    <property name="java.vm.version" value="17.0.9+11-LTS-201"/>
    <property name="sun.io.unicode.encoding" value="UnicodeLittle"/>
    <property name="java.class.version" value="61.0"/>
  </properties>
  <testcase name="homepageRendersSuccessfully" classname="frontend.TestHomePage" time="0.575">
    <system-err><![CDATA[[main] INFO org.apache.wicket.Application - [WicketTesterApplication-704d4651-3a4f-4d26-80a2-1729c7adee45] init: Wicket core library initializer
]]></system-err>
  </testcase>
</testsuite>